<?xml version="1.0" encoding="UTF-8"?>
<!-- Generated by org.testng.reporters.JUnitReportReporter -->
<testsuite hostname="LAPTOP-DQI6K8K1" failures="0" tests="1" name="driverFctory.DriverSctript" time="31.000" errors="0" timestamp="2023-04-25T16:44:45 IST" skipped="0">
  <testcase classname="driverFctory.DriverSctript" name="satrtTest" time="31.000"/>
  <system-out>
    <![CDATA[No of rows are::9
Login Success::dashboard     http://orangehrm.qedgetech.com/symfony/web/index.php/dashboard
Invalid credentials  dashboard     http://orangehrm.qedgetech.com/symfony/web/index.php/auth/validateCredentials
Invalid credentials  dashboard     http://orangehrm.qedgetech.com/symfony/web/index.php/auth/validateCredentials
Username cannot be empty  dashboard     http://orangehrm.qedgetech.com/symfony/web/index.php/auth/login
Login Success::dashboard     http://orangehrm.qedgetech.com/symfony/web/index.php/dashboard
Password cannot be empty  dashboard     http://orangehrm.qedgetech.com/symfony/web/index.php/auth/login
Invalid credentials  dashboard     http://orangehrm.qedgetech.com/symfony/web/index.php/auth/validateCredentials
Username cannot be empty  dashboard     http://orangehrm.qedgetech.com/symfony/web/index.php/auth/login
Login Success::dashboard     http://orangehrm.qedgetech.com/symfony/web/index.php/dashboard]]>
  </system-out>
</testsuite> <!-- driverFctory.DriverSctript -->
