<?xml version="1.0" encoding="UTF-8"?>
<!-- Generated by org.testng.reporters.JUnitReportReporter -->
<testsuite hostname="LAPTOP-DQI6K8K1" failures="0" tests="1" name="driverFactory.TestScript" time="38.656" errors="0" timestamp="2023-04-25T16:44:45 IST" skipped="0">
  <testcase classname="driverFactory.TestScript" name="startTest" time="38.656"/>
  <system-out>
    <![CDATA[No of rows are::9
Add Employee Success::20580   20580
Add Employee Success::20581   20581
Add Employee Success::20582   20582
Add Employee Success::20583   20583
Add Employee Success::20584   20584
Add Employee Success::20585   20585
Add Employee Success::20586   20586
Add Employee Success::20587   20587
Add Employee Success::20588   20588]]>
  </system-out>
</testsuite> <!-- driverFactory.TestScript -->
